[2022-06-21 16:53:42] {Moji-fast.py:36} INFO - test
[2022-06-21 16:54:03] {Moji-fast.py:95} INFO - いずれ
[2022-06-21 16:54:03] {Moji-fast.py:95} INFO - いっこう
[2022-06-21 16:54:03] {Moji-fast.py:95} INFO - いさ
[2022-06-21 16:54:03] {Moji-fast.py:95} INFO - ありきたり
[2022-06-21 16:54:03] {Moji-fast.py:95} INFO - いっそ
[2022-06-21 16:54:03] {Moji-fast.py:95} INFO - あっさり
[2022-06-21 16:54:03] {Moji-fast.py:95} INFO - ありあり
[2022-06-21 16:54:03] {Moji-fast.py:95} INFO - いっそう
[2022-06-21 16:54:03] {Moji-fast.py:95} INFO - いったい
[2022-06-21 16:54:03] {Moji-fast.py:95} INFO - いっぱい
[2022-06-21 16:54:03] {Moji-fast.py:95} INFO - いまだに
[2022-06-21 16:54:03] {Moji-fast.py:95} INFO - いまさら
[2022-06-21 16:54:03] {Moji-fast.py:95} INFO - いまに
[2022-06-21 16:54:03] {Moji-fast.py:95} INFO - いきなり
[2022-06-21 16:54:03] {Moji-fast.py:95} INFO - いかにも
[2022-06-21 16:54:03] {Moji-fast.py:95} INFO - いまにも
[2022-06-21 16:54:04] {Moji-fast.py:95} INFO - いよいよ
[2022-06-21 16:54:04] {Moji-fast.py:95} INFO - いらいら
[2022-06-21 16:54:04] {Moji-fast.py:95} INFO - うじうじ
[2022-06-21 16:54:04] {Moji-fast.py:95} INFO - うっかり
[2022-06-21 16:54:04] {Moji-fast.py:95} INFO - うっそう
[2022-06-21 16:54:04] {Moji-fast.py:95} INFO - うっとり
[2022-06-21 16:54:04] {Moji-fast.py:95} INFO - うろうろ
[2022-06-21 16:54:04] {Moji-fast.py:95} INFO - うんざり
[2022-06-21 16:54:04] {Moji-fast.py:95} INFO - うんと
[2022-06-21 16:54:04] {Moji-fast.py:95} INFO - おおいに
[2022-06-21 16:54:05] {Moji-fast.py:95} INFO - おしくも
[2022-06-21 16:54:05] {Moji-fast.py:95} INFO - おどおど
[2022-06-21 16:54:05] {Moji-fast.py:95} INFO - おもいきり
[2022-06-21 16:54:05] {Moji-fast.py:95} INFO - おりおり
[2022-06-21 16:54:05] {Moji-fast.py:95} INFO - おりふし
[2022-06-21 16:54:05] {Moji-fast.py:95} INFO - おろおろ
[2022-06-21 16:54:05] {Moji-fast.py:95} INFO - かすかに
[2022-06-21 16:54:05] {Moji-fast.py:95} INFO - かっと
[2022-06-21 16:54:05] {Moji-fast.py:95} INFO - かなり
[2022-06-21 16:54:05] {Moji-fast.py:95} INFO - からから
[2022-06-21 16:54:05] {Moji-fast.py:95} INFO - からり
[2022-06-21 16:54:05] {Moji-fast.py:95} INFO - かろうじて
[2022-06-21 16:54:06] {Moji-fast.py:95} INFO - かんかん
[2022-06-21 16:54:06] {Moji-fast.py:95} INFO - がさがさ
[2022-06-21 16:54:06] {Moji-fast.py:95} INFO - がたがた
[2022-06-21 16:54:06] {Moji-fast.py:95} INFO - がやがや
[2022-06-21 16:54:06] {Moji-fast.py:95} INFO - がっかり
[2022-06-21 16:54:06] {Moji-fast.py:95} INFO - きっぱり
[2022-06-21 16:54:06] {Moji-fast.py:95} INFO - きょろきょろ
[2022-06-21 16:54:06] {Moji-fast.py:95} INFO - きりきり
[2022-06-21 16:54:06] {Moji-fast.py:95} INFO - きわめて
[2022-06-21 16:54:06] {Moji-fast.py:95} INFO - ぎっしり
[2022-06-21 16:54:06] {Moji-fast.py:95} INFO - ぎらぎら
[2022-06-21 16:54:06] {Moji-fast.py:95} INFO - ぎりぎり
[2022-06-21 16:54:06] {Moji-fast.py:95} INFO - くるくる
[2022-06-21 16:54:06] {Moji-fast.py:95} INFO - ぐずぐず
[2022-06-21 16:54:06] {Moji-fast.py:95} INFO - ぐっすり
[2022-06-21 16:54:06] {Moji-fast.py:95} INFO - ぐっと
[2022-06-21 16:54:06] {Moji-fast.py:95} INFO - ぐるぐる
[2022-06-21 16:54:07] {Moji-fast.py:95} INFO - けらけら
[2022-06-21 16:54:07] {Moji-fast.py:95} INFO - げらげら
[2022-06-21 16:54:07] {Moji-fast.py:95} INFO - こそこそ
[2022-06-21 16:54:07] {Moji-fast.py:95} INFO - こっそり
[2022-06-21 16:54:07] {Moji-fast.py:95} INFO - こってり
[2022-06-21 16:54:07] {Moji-fast.py:95} INFO - ことに
[2022-06-21 16:54:07] {Moji-fast.py:95} INFO - ころころ
[2022-06-21 16:54:07] {Moji-fast.py:95} INFO - ごたごた
[2022-06-21 16:54:07] {Moji-fast.py:95} INFO - ごちゃごちゃ
[2022-06-21 16:54:07] {Moji-fast.py:95} INFO - ごっそり
[2022-06-21 16:54:07] {Moji-fast.py:95} INFO - ごろごろ
[2022-06-21 16:54:07] {Moji-fast.py:95} INFO - さしあたり
[2022-06-21 16:54:07] {Moji-fast.py:95} INFO - さっさと
[2022-06-21 16:54:07] {Moji-fast.py:95} INFO - さっそう
[2022-06-21 16:54:07] {Moji-fast.py:95} INFO - さっそく
[2022-06-21 16:54:07] {Moji-fast.py:95} INFO - さっぱり
[2022-06-21 16:54:07] {Moji-fast.py:95} INFO - さも
[2022-06-21 16:54:07] {Moji-fast.py:95} INFO - さらさら
[2022-06-21 16:54:07] {Moji-fast.py:95} INFO - ざっと
[2022-06-21 16:54:07] {Moji-fast.py:95} INFO - しいて
[2022-06-21 16:54:07] {Moji-fast.py:95} INFO - しっかり
[2022-06-21 16:54:07] {Moji-fast.py:95} INFO - しとしと
[2022-06-21 16:54:08] {Moji-fast.py:95} INFO - しばしば
[2022-06-21 16:54:08] {Moji-fast.py:95} INFO - しぶしぶ
[2022-06-21 16:54:08] {Moji-fast.py:95} INFO - しみじみ
[2022-06-21 16:54:08] {Moji-fast.py:95} INFO - しんしん
[2022-06-21 16:54:08] {Moji-fast.py:95} INFO - じきに
[2022-06-21 16:54:08] {Moji-fast.py:95} INFO - じとじと
[2022-06-21 16:54:08] {Moji-fast.py:95} INFO - じりじり
[2022-06-21 16:54:08] {Moji-fast.py:95} INFO - じろじろ
[2022-06-21 16:54:08] {Moji-fast.py:95} INFO - すいすい
[2022-06-21 16:54:08] {Moji-fast.py:95} INFO - すかさず
[2022-06-21 16:54:08] {Moji-fast.py:95} INFO - すっかり
[2022-06-21 16:54:08] {Moji-fast.py:95} INFO - すっきり
[2022-06-21 16:54:08] {Moji-fast.py:95} INFO - すでに
[2022-06-21 16:54:08] {Moji-fast.py:95} INFO - すべて
[2022-06-21 16:54:08] {Moji-fast.py:95} INFO - すやすや
[2022-06-21 16:54:08] {Moji-fast.py:95} INFO - すらすら
[2022-06-21 16:54:08] {Moji-fast.py:95} INFO - するする
[2022-06-21 16:54:08] {Moji-fast.py:95} INFO - すんなり
[2022-06-21 16:54:08] {Moji-fast.py:95} INFO - ずきずき
[2022-06-21 16:54:08] {Moji-fast.py:95} INFO - ずらり
[2022-06-21 16:54:08] {Moji-fast.py:95} INFO - ずるずる
[2022-06-21 16:54:08] {Moji-fast.py:95} INFO - せいぜい
[2022-06-21 16:54:08] {Moji-fast.py:95} INFO - せかせか
[2022-06-21 16:54:08] {Moji-fast.py:95} INFO - せっかく
[2022-06-21 16:54:08] {Moji-fast.py:95} INFO - せめて
[2022-06-21 16:54:08] {Moji-fast.py:95} INFO - そっくり
[2022-06-21 16:54:08] {Moji-fast.py:95} INFO - そっと
[2022-06-21 16:54:08] {Moji-fast.py:95} INFO - そよそよ
[2022-06-21 16:54:08] {Moji-fast.py:95} INFO - そろそろ
[2022-06-21 16:54:08] {Moji-fast.py:95} INFO - そわそわ
[2022-06-21 16:54:08] {Moji-fast.py:95} INFO - ぞろぞろ
[2022-06-21 16:54:08] {Moji-fast.py:95} INFO - たいがい
[2022-06-21 16:54:08] {Moji-fast.py:95} INFO - たいらに
[2022-06-21 16:54:08] {Moji-fast.py:95} INFO - たくさん
[2022-06-21 16:54:08] {Moji-fast.py:95} INFO - ただちに
[2022-06-21 16:54:08] {Moji-fast.py:95} INFO - たちまち
[2022-06-21 16:54:08] {Moji-fast.py:95} INFO - たっぷり
[2022-06-21 16:54:08] {Moji-fast.py:95} INFO - たとえ
[2022-06-21 16:54:09] {Moji-fast.py:95} INFO - たびたび
[2022-06-21 16:54:09] {Moji-fast.py:95} INFO - たまたま
[2022-06-21 16:54:09] {Moji-fast.py:95} INFO - たやすく
[2022-06-21 16:54:09] {Moji-fast.py:95} INFO - たらたら
[2022-06-21 16:54:09] {Moji-fast.py:99} INFO - {'originalSearchText': 'ずらり', 'searchResults': [{'searchText': 'ずらり', 'count': 21771, 'tarId': '19892716', 'title': 'ずらり', 'type': 0, 'createdAt': '2019-05-07T02:57:20.243Z', 'excerpt': '[副] 一大排，成排地。（「ずらっと」に同じ。） ', 'isFree': True}], 'words': [{'excerpt': '[副] 一大排，成排地。（「ずらっと」に同じ。） ', 'spell': 'ずらり', 'accent': '', 'pron': 'ずらり', 'romaji': 'zurari', 'createdAt': '2019-05-07T03:46:49.126Z', 'updatedAt': '2022-05-11T05:12:51.581Z', 'tags': 'N2', 'isFree': True, 'outSharedNum': 1, 'objectId': '19892716'}]}
[2022-06-21 16:54:09] {Moji-fast.py:95} INFO - だいぶ
[2022-06-21 16:54:09] {Moji-fast.py:95} INFO - だから
[2022-06-21 16:54:09] {Moji-fast.py:95} INFO - ちらちら
[2022-06-21 16:54:09] {Moji-fast.py:95} INFO - ちらり
[2022-06-21 16:54:09] {Moji-fast.py:95} INFO - ついで
[2022-06-21 16:54:09] {Moji-fast.py:95} INFO - ついでに
[2022-06-21 16:54:09] {Moji-fast.py:95} INFO - ついに
[2022-06-21 16:54:09] {Moji-fast.py:95} INFO - つとめて
[2022-06-21 16:54:09] {Moji-fast.py:95} INFO - つねに
[2022-06-21 16:54:09] {Moji-fast.py:95} INFO - でこぼこ
[2022-06-21 16:54:09] {Moji-fast.py:95} INFO - とうてい
[2022-06-21 16:54:09] {Moji-fast.py:95} INFO - とうとう
[2022-06-21 16:54:09] {Moji-fast.py:95} INFO - ときおり
[2022-06-21 16:54:09] {Moji-fast.py:95} INFO - ときたま
[2022-06-21 16:54:09] {Moji-fast.py:95} INFO - とことこ
[2022-06-21 16:54:09] {Moji-fast.py:95} INFO - とっくに
[2022-06-21 16:54:09] {Moji-fast.py:95} INFO - とても
[2022-06-21 16:54:09] {Moji-fast.py:95} INFO - とにかく
[2022-06-21 16:54:09] {Moji-fast.py:95} INFO - ともかく
[2022-06-21 16:54:09] {Moji-fast.py:95} INFO - とりわけ
[2022-06-21 16:54:09] {Moji-fast.py:95} INFO - どうせ
[2022-06-21 16:54:09] {Moji-fast.py:95} INFO - どうも
[2022-06-21 16:54:09] {Moji-fast.py:95} INFO - どろどろ
[2022-06-21 16:54:09] {Moji-fast.py:95} INFO - なにしろ
[2022-06-21 16:54:09] {Moji-fast.py:95} INFO - なにぶん
[2022-06-21 16:54:09] {Moji-fast.py:95} INFO - なにをおいても
[2022-06-21 16:54:09] {Moji-fast.py:95} INFO - なまじ
[2022-06-21 16:54:09] {Moji-fast.py:95} INFO - なるべく
[2022-06-21 16:54:09] {Moji-fast.py:95} INFO - なんて
[2022-06-21 16:54:09] {Moji-fast.py:95} INFO - なんと
[2022-06-21 16:54:09] {Moji-fast.py:95} INFO - なんといっても
[2022-06-21 16:54:09] {Moji-fast.py:95} INFO - なんとしても
[2022-06-21 16:54:09] {Moji-fast.py:95} INFO - なんなりと
[2022-06-21 16:54:09] {Moji-fast.py:95} INFO - なんにしても
[2022-06-21 16:54:09] {Moji-fast.py:95} INFO - にこにこ
[2022-06-21 16:54:09] {Moji-fast.py:95} INFO - にたにた
[2022-06-21 16:54:09] {Moji-fast.py:95} INFO - にっこり
[2022-06-21 16:54:09] {Moji-fast.py:95} INFO - にわかに
[2022-06-21 16:54:09] {Moji-fast.py:95} INFO - のきなみ
[2022-06-21 16:54:09] {Moji-fast.py:95} INFO - のろのろ
[2022-06-21 16:54:09] {Moji-fast.py:95} INFO - のんびり
[2022-06-21 16:54:09] {Moji-fast.py:95} INFO - はたして
[2022-06-21 16:54:09] {Moji-fast.py:95} INFO - はっきり
[2022-06-21 16:54:09] {Moji-fast.py:95} INFO - はっと
[2022-06-21 16:54:09] {Moji-fast.py:95} INFO - はらはら
[2022-06-21 16:54:09] {Moji-fast.py:95} INFO - ばったり
[2022-06-21 16:54:10] {Moji-fast.py:95} INFO - ばらばら
[2022-06-21 16:54:10] {Moji-fast.py:95} INFO - ぱったり
[2022-06-21 16:54:10] {Moji-fast.py:95} INFO - ぱっちり
[2022-06-21 16:54:10] {Moji-fast.py:95} INFO - ひそひそ
[2022-06-21 16:54:10] {Moji-fast.py:95} INFO - ひたすら
[2022-06-21 16:54:10] {Moji-fast.py:95} INFO - ひとりで
[2022-06-21 16:54:10] {Moji-fast.py:95} INFO - ひとりでに
[2022-06-21 16:54:10] {Moji-fast.py:95} INFO - ひょっと
[2022-06-21 16:54:10] {Moji-fast.py:95} INFO - びっしょり
[2022-06-21 16:54:10] {Moji-fast.py:95} INFO - ひらり
[2022-06-21 16:54:10] {Moji-fast.py:95} INFO - ぴったり
[2022-06-21 16:54:10] {Moji-fast.py:95} INFO - ふいに
[2022-06-21 16:54:10] {Moji-fast.py:95} INFO - ふらり
[2022-06-21 16:54:10] {Moji-fast.py:95} INFO - ぶらぶら
[2022-06-21 16:54:10] {Moji-fast.py:95} INFO - へとへと
[2022-06-21 16:54:10] {Moji-fast.py:95} INFO - べたべた
[2022-06-21 16:54:10] {Moji-fast.py:95} INFO - ぺこぺこ
[2022-06-21 16:54:10] {Moji-fast.py:95} INFO - ぺらぺら
[2022-06-21 16:54:10] {Moji-fast.py:95} INFO - ほっと
[2022-06-21 16:54:10] {Moji-fast.py:95} INFO - ほのか
[2022-06-21 16:54:10] {Moji-fast.py:95} INFO - ほんのり
[2022-06-21 16:54:10] {Moji-fast.py:95} INFO - ぼつぼつ
[2022-06-21 16:54:10] {Moji-fast.py:95} INFO - ぼろぼろ
[2022-06-21 16:54:10] {Moji-fast.py:95} INFO - ぼんやり
[2022-06-21 16:54:10] {Moji-fast.py:95} INFO - ぽつぽつ
[2022-06-21 16:54:10] {Moji-fast.py:95} INFO - まさか
[2022-06-21 16:54:10] {Moji-fast.py:95} INFO - まさしく
[2022-06-21 16:54:10] {Moji-fast.py:95} INFO - まさに
[2022-06-21 16:54:10] {Moji-fast.py:95} INFO - まして
[2022-06-21 16:54:10] {Moji-fast.py:95} INFO - まったく
[2022-06-21 16:54:10] {Moji-fast.py:95} INFO - まるで
[2022-06-21 16:54:10] {Moji-fast.py:95} INFO - まれに
[2022-06-21 16:54:10] {Moji-fast.py:95} INFO - まんざら
[2022-06-21 16:54:10] {Moji-fast.py:95} INFO - むしろ
[2022-06-21 16:54:10] {Moji-fast.py:95} INFO - むやみに
[2022-06-21 16:54:10] {Moji-fast.py:95} INFO - めちゃくちゃ
[2022-06-21 16:54:10] {Moji-fast.py:95} INFO - めっきり
[2022-06-21 16:54:10] {Moji-fast.py:95} INFO - もぐもぐ
[2022-06-21 16:54:10] {Moji-fast.py:95} INFO - もさもさ
[2022-06-21 16:54:10] {Moji-fast.py:95} INFO - もし
[2022-06-21 16:54:10] {Moji-fast.py:95} INFO - もしかしたら
[2022-06-21 16:54:10] {Moji-fast.py:95} INFO - もしも
[2022-06-21 16:54:11] {Moji-fast.py:95} INFO - もじもじ
[2022-06-21 16:54:11] {Moji-fast.py:95} INFO - もそもそ
[2022-06-21 16:54:11] {Moji-fast.py:95} INFO - もっと
[2022-06-21 16:54:11] {Moji-fast.py:95} INFO - もっぱら
[2022-06-21 16:54:11] {Moji-fast.py:95} INFO - やさしく
[2022-06-21 16:54:11] {Moji-fast.py:95} INFO - やたらに
[2022-06-21 16:54:11] {Moji-fast.py:95} INFO - やっと
[2022-06-21 16:54:11] {Moji-fast.py:95} INFO - ゆったり
[2022-06-21 16:54:11] {Moji-fast.py:95} INFO - ようやく
[2022-06-21 16:54:11] {Moji-fast.py:95} INFO - よほど
[2022-06-21 16:54:11] {Moji-fast.py:95} INFO - わざと
[2022-06-21 16:54:11] {Moji-fast.py:95} INFO - わずかに
[2022-06-21 16:54:11] {Moji-fast.py:95} INFO - わずわず
[2022-06-21 16:54:11] {Moji-fast.py:95} INFO - わりに
[2022-06-21 16:54:11] {Moji-fast.py:95} INFO - 一々（いちいち）
[2022-06-21 16:54:11] {Moji-fast.py:95} INFO - 一応
[2022-06-21 16:54:11] {Moji-fast.py:95} INFO - 一挙
[2022-06-21 16:54:11] {Moji-fast.py:95} INFO - 一様に
[2022-06-21 16:54:11] {Moji-fast.py:95} INFO - 二度と
[2022-06-21 16:54:11] {Moji-fast.py:95} INFO - 何とか
[2022-06-21 16:54:11] {Moji-fast.py:95} INFO - 元来（がんらい）
[2022-06-21 16:54:11] {Moji-fast.py:95} INFO - 全く
[2022-06-21 16:54:11] {Moji-fast.py:95} INFO - 全然（ぜんぜん）
[2022-06-21 16:54:11] {Moji-fast.py:95} INFO - 决まって
[2022-06-21 16:54:11] {Moji-fast.py:95} INFO - 多少（たしょう）
[2022-06-21 16:54:11] {Moji-fast.py:95} INFO - 完全
[2022-06-21 16:54:11] {Moji-fast.py:95} INFO - 当分
[2022-06-21 16:54:12] {Moji-fast.py:95} INFO - 急きょ
[2022-06-21 16:54:12] {Moji-fast.py:95} INFO - 无理に
[2022-06-21 16:54:12] {Moji-fast.py:95} INFO - 日文
[2022-06-21 16:54:12] {Moji-fast.py:95} INFO - 本来
[2022-06-21 16:54:12] {Moji-fast.py:95} INFO - 猛然（もうぜん）
[2022-06-21 16:54:12] {Moji-fast.py:95} INFO - 生き生き（いきいき）
[2022-06-21 16:54:12] {Moji-fast.py:95} INFO - 総じて
[2022-06-21 16:54:12] {Moji-fast.py:95} INFO - 自分で
[2022-06-21 16:54:12] {Moji-fast.py:95} INFO - 薄ら
[2022-06-21 16:54:13] {Moji-fast.py:99} INFO - {'originalSearchText': '自分で', 'searchResults': [{'searchText': '自分で', 'tarId': 'k2oIZ9fy6S', 'type': 0, 'count': 1406, 'title': '自分で | じぶんで', 'createdAt': '2020-09-09T08:49:51.831Z', 'excerpt': '[副詞] 自己来'}], 'words': [{'createdBy': 'KxulPFDJP0', 'langEnv': 'zh-CN_ja', 'updatedBy': 'KxulPFDJP0', 'spell': '自分で', 'pron': 'じぶんで', 'createdAt': '2020-01-17T18:38:19.406Z', 'updatedAt': '2020-08-27T10:33:30.941Z', 'excerpt': '[副詞] 自己来', 'objectId': 'k2oIZ9fy6S'}]}
